<?xml version="1.0" encoding="UTF-8"?>
<!-- Generated by org.testng.reporters.JUnitReportReporter -->
<testsuite hostname="Madhuri" failures="0" tests="2" name="com.CrossBrowserTesting.framework.CrossBrowsertestingFrameworkAutomation" time="5.164" errors="0" timestamp="28 Nov 2020 18:03:37 GMT" skipped="0">
  <testcase classname="com.CrossBrowserTesting.framework.CrossBrowsertestingFrameworkAutomation" name="LaunchTables" time="3.025"/>
  <testcase classname="com.CrossBrowserTesting.framework.CrossBrowsertestingFrameworkAutomation" name="LaunchTables" time="2.139"/>
</testsuite> <!-- com.CrossBrowserTesting.framework.CrossBrowsertestingFrameworkAutomation -->
