<?xml version="1.0" encoding="UTF-8"?>
<!-- Generated by org.testng.reporters.JUnitReportReporter -->
<testsuite hostname="Madhuri" failures="0" tests="1" name="com.crossBrowserTestingSelenium.crossBrowserTesting" time="13.307" errors="0" timestamp="28 Nov 2020 17:08:13 GMT" skipped="0">
  <testcase classname="com.crossBrowserTestingSelenium.crossBrowserTesting" name="firefoxBrowserTest" time="13.307"/>
</testsuite> <!-- com.crossBrowserTestingSelenium.crossBrowserTesting -->
